#
# There is insufficient memory for the Java Runtime Environment to continue.
# Native memory allocation (malloc) failed to allocate 1415856 bytes for Chunk::new
# Possible reasons:
#   The system is out of physical RAM or swap space
#   The process is running with CompressedOops enabled, and the Java Heap may be blocking the growth of the native heap
# Possible solutions:
#   Reduce memory load on the system
#   Increase physical memory or swap space
#   Check if swap backing store is full
#   Decrease Java heap size (-Xmx/-Xms)
#   Decrease number of Java threads
#   Decrease Java thread stack sizes (-Xss)
#   Set larger code cache with -XX:ReservedCodeCacheSize=
#   JVM is running with Zero Based Compressed Oops mode in which the Java heap is
#     placed in the first 32GB address space. The Java Heap base address is the
#     maximum limit for the native heap growth. Please use -XX:HeapBaseMinAddress
#     to set the Java Heap base and to place the Java Heap above 32GB virtual address.
# This output file may be truncated or incomplete.
#
#  Out of Memory Error (t:/workspace/open/src/hotspot/share/memory/arena.cpp:197), pid=25788, tid=24892
#
# JRE version: Java(TM) SE Runtime Environment (12.0.1+12) (build 12.0.1+12)
# Java VM: Java HotSpot(TM) 64-Bit Server VM (12.0.1+12, mixed mode, sharing, tiered, compressed oops, g1 gc, windows-amd64)
# No core dump will be written. Minidumps are not enabled by default on client versions of Windows
#

---------------  S U M M A R Y ------------

Command Line: -Dfile.encoding=Cp1252 MainGUI

Host: Intel(R) Core(TM) i7-2600 CPU @ 3.40GHz, 8 cores, 11G,  Windows 10 , 64 bit Build 19041 (10.0.19041.804)
Time: Thu Apr 15 17:13:35 2021 Pacific Daylight Time elapsed time: 1 seconds (0d 0h 0m 1s)

---------------  T H R E A D  ---------------

Current thread (0x0000020706bf5000):  JavaThread "C2 CompilerThread1" daemon [_thread_in_native, id=24892, stack(0x0000005245400000,0x0000005245500000)]


Current CompileTask:
C2:   1506 1255       4       jdk.internal.org.objectweb.asm.Frame::execute (2305 bytes)

Stack: [0x0000005245400000,0x0000005245500000]
Native frames: (J=compiled Java code, j=interpreted, Vv=VM code, C=native code)
V  [jvm.dll+0x63948a]
V  [jvm.dll+0x78b31f]
V  [jvm.dll+0x78c9c1]
V  [jvm.dll+0x78d013]
V  [jvm.dll+0x262138]
V  [jvm.dll+0xc582c]
V  [jvm.dll+0xc5dac]
V  [jvm.dll+0x379662]
V  [jvm.dll+0x345493]
V  [jvm.dll+0x34485a]
V  [jvm.dll+0x21c035]
V  [jvm.dll+0x21b20a]
V  [jvm.dll+0x199890]
V  [jvm.dll+0x22a534]
V  [jvm.dll+0x228b88]
V  [jvm.dll+0x74f660]
V  [jvm.dll+0x748648]
V  [jvm.dll+0x638566]
C  [ucrtbase.dll+0x21bb2]
C  [KERNEL32.DLL+0x17034]
C  [ntdll.dll+0x52651]


---------------  P R O C E S S  ---------------

Threads class SMR info:
_java_thread_list=0x0000020706dea810, length=16, elements={
0x0000020705936000, 0x0000020705938800, 0x0000020706165000, 0x0000020706167000,
0x0000020706174800, 0x000002070619d000, 0x000002070620b000, 0x00000207062df800,
0x00000207062e8800, 0x0000020706518800, 0x0000020706519800, 0x000002070651b800,
0x000002070655e000, 0x0000020763ca1800, 0x0000020706bfb000, 0x0000020706bf5000
}

Java Threads: ( => current thread )
  0x0000020705936000 JavaThread "Reference Handler" daemon [_thread_blocked, id=27500, stack(0x0000005243d00000,0x0000005243e00000)]
  0x0000020705938800 JavaThread "Finalizer" daemon [_thread_blocked, id=19944, stack(0x0000005243e00000,0x0000005243f00000)]
  0x0000020706165000 JavaThread "Signal Dispatcher" daemon [_thread_blocked, id=2292, stack(0x0000005243f00000,0x0000005244000000)]
  0x0000020706167000 JavaThread "Attach Listener" daemon [_thread_blocked, id=16864, stack(0x0000005244000000,0x0000005244100000)]
  0x0000020706174800 JavaThread "C2 CompilerThread0" daemon [_thread_blocked, id=18168, stack(0x0000005244100000,0x0000005244200000)]
  0x000002070619d000 JavaThread "C1 CompilerThread0" daemon [_thread_blocked, id=26404, stack(0x0000005244200000,0x0000005244300000)]
  0x000002070620b000 JavaThread "Sweeper thread" daemon [_thread_blocked, id=15784, stack(0x0000005244300000,0x0000005244400000)]
  0x00000207062df800 JavaThread "Service Thread" daemon [_thread_blocked, id=19396, stack(0x0000005244400000,0x0000005244500000)]
  0x00000207062e8800 JavaThread "Common-Cleaner" daemon [_thread_blocked, id=19744, stack(0x0000005244600000,0x0000005244700000)]
  0x0000020706518800 JavaThread "Java2D Disposer" daemon [_thread_blocked, id=24788, stack(0x0000005244700000,0x0000005244800000)]
  0x0000020706519800 JavaThread "AWT-Shutdown" [_thread_blocked, id=2992, stack(0x0000005244800000,0x0000005244900000)]
  0x000002070651b800 JavaThread "AWT-Windows" daemon [_thread_in_native, id=14852, stack(0x0000005244900000,0x0000005244a00000)]
  0x000002070655e000 JavaThread "AWT-EventQueue-0" [_thread_in_native, id=22592, stack(0x0000005244a00000,0x0000005244b00000)]
  0x0000020763ca1800 JavaThread "DestroyJavaVM" [_thread_blocked, id=20068, stack(0x0000005243600000,0x0000005243700000)]
  0x0000020706bfb000 JavaThread "TimerQueue" daemon [_thread_blocked, id=26196, stack(0x0000005245300000,0x0000005245400000)]
=>0x0000020706bf5000 JavaThread "C2 CompilerThread1" daemon [_thread_in_native, id=24892, stack(0x0000005245400000,0x0000005245500000)]

Other Threads:
  0x0000020705931000 VMThread "VM Thread" [stack: 0x0000005243c00000,0x0000005243d00000] [id=5464]
  0x00000207062e7800 WatcherThread [stack: 0x0000005244500000,0x0000005244600000] [id=14680]
  0x0000020763cf5800 GCTaskThread "GC Thread#0" [stack: 0x0000005243700000,0x0000005243800000] [id=19068]
  0x0000020763d09800 ConcurrentGCThread "G1 Main Marker" [stack: 0x0000005243800000,0x0000005243900000] [id=4900]
  0x0000020763d11000 ConcurrentGCThread "G1 Conc#0" [stack: 0x0000005243900000,0x0000005243a00000] [id=25284]
  0x00000207057ae800 ConcurrentGCThread "G1 Refine#0" [stack: 0x0000005243a00000,0x0000005243b00000] [id=18780]
  0x0000020763d8e000 ConcurrentGCThread "G1 Young RemSet Sampling" [stack: 0x0000005243b00000,0x0000005243c00000] [id=26544]

Threads with active compile tasks:
C2 CompilerThread1  1255       4       jdk.internal.org.objectweb.asm.Frame::execute (2305 bytes)

VM state:not at safepoint (normal execution)

VM Mutex/Monitor currently owned by a thread: None

Heap address: 0x0000000740a00000, size: 3062 MB, Compressed Oops mode: Zero based, Oop shift amount: 3
Narrow klass base: 0x0000000800000000, Narrow klass shift: 3
Compressed class space size: 1073741824 Address: 0x00000008011a0000

Heap:
 garbage-first heap   total 196608K, used 18432K [0x0000000740a00000, 0x0000000800000000)
  region size 1024K, 16 young (16384K), 0 survivors (0K)
 Metaspace       used 10525K, capacity 10833K, committed 11008K, reserved 1058816K
  class space    used 1285K, capacity 1435K, committed 1536K, reserved 1048576K
Heap Regions: E=young(eden), S=young(survivor), O=old, HS=humongous(starts), HC=humongous(continues), CS=collection set, F=free, A=archive, TAMS=top-at-mark-start (previous, next)
|   0|0x0000000740a00000, 0x0000000740b00000, 0x0000000740b00000|100%|HS|  |TAMS 0x0000000740a00000, 0x0000000740a00000| Complete 
|   1|0x0000000740b00000, 0x0000000740c00000, 0x0000000740c00000|100%|HC|  |TAMS 0x0000000740b00000, 0x0000000740b00000| Complete 
|   2|0x0000000740c00000, 0x0000000740d00000, 0x0000000740d00000|100%|HC|  |TAMS 0x0000000740c00000, 0x0000000740c00000| Complete 
|   3|0x0000000740d00000, 0x0000000740d00000, 0x0000000740e00000|  0%| F|  |TAMS 0x0000000740d00000, 0x0000000740d00000| Untracked 
|   4|0x0000000740e00000, 0x0000000740e00000, 0x0000000740f00000|  0%| F|  |TAMS 0x0000000740e00000, 0x0000000740e00000| Untracked 
|   5|0x0000000740f00000, 0x0000000740f00000, 0x0000000741000000|  0%| F|  |TAMS 0x0000000740f00000, 0x0000000740f00000| Untracked 
|   6|0x0000000741000000, 0x0000000741000000, 0x0000000741100000|  0%| F|  |TAMS 0x0000000741000000, 0x0000000741000000| Untracked 
|   7|0x0000000741100000, 0x0000000741100000, 0x0000000741200000|  0%| F|  |TAMS 0x0000000741100000, 0x0000000741100000| Untracked 
|   8|0x0000000741200000, 0x0000000741200000, 0x0000000741300000|  0%| F|  |TAMS 0x0000000741200000, 0x0000000741200000| Untracked 
|   9|0x0000000741300000, 0x0000000741300000, 0x0000000741400000|  0%| F|  |TAMS 0x0000000741300000, 0x0000000741300000| Untracked 
|  10|0x0000000741400000, 0x0000000741400000, 0x0000000741500000|  0%| F|  |TAMS 0x0000000741400000, 0x0000000741400000| Untracked 
|  11|0x0000000741500000, 0x0000000741500000, 0x0000000741600000|  0%| F|  |TAMS 0x0000000741500000, 0x0000000741500000| Untracked 
|  12|0x0000000741600000, 0x0000000741600000, 0x0000000741700000|  0%| F|  |TAMS 0x0000000741600000, 0x0000000741600000| Untracked 
|  13|0x0000000741700000, 0x0000000741700000, 0x0000000741800000|  0%| F|  |TAMS 0x0000000741700000, 0x0000000741700000| Untracked 
|  14|0x0000000741800000, 0x0000000741800000, 0x0000000741900000|  0%| F|  |TAMS 0x0000000741800000, 0x0000000741800000| Untracked 
|  15|0x0000000741900000, 0x0000000741900000, 0x0000000741a00000|  0%| F|  |TAMS 0x0000000741900000, 0x0000000741900000| Untracked 
|  16|0x0000000741a00000, 0x0000000741a00000, 0x0000000741b00000|  0%| F|  |TAMS 0x0000000741a00000, 0x0000000741a00000| Untracked 
|  17|0x0000000741b00000, 0x0000000741b00000, 0x0000000741c00000|  0%| F|  |TAMS 0x0000000741b00000, 0x0000000741b00000| Untracked 
|  18|0x0000000741c00000, 0x0000000741c00000, 0x0000000741d00000|  0%| F|  |TAMS 0x0000000741c00000, 0x0000000741c00000| Untracked 
|  19|0x0000000741d00000, 0x0000000741d00000, 0x0000000741e00000|  0%| F|  |TAMS 0x0000000741d00000, 0x0000000741d00000| Untracked 
|  20|0x0000000741e00000, 0x0000000741e00000, 0x0000000741f00000|  0%| F|  |TAMS 0x0000000741e00000, 0x0000000741e00000| Untracked 
|  21|0x0000000741f00000, 0x0000000741f00000, 0x0000000742000000|  0%| F|  |TAMS 0x0000000741f00000, 0x0000000741f00000| Untracked 
|  22|0x0000000742000000, 0x0000000742000000, 0x0000000742100000|  0%| F|  |TAMS 0x0000000742000000, 0x0000000742000000| Untracked 
|  23|0x0000000742100000, 0x0000000742100000, 0x0000000742200000|  0%| F|  |TAMS 0x0000000742100000, 0x0000000742100000| Untracked 
|  24|0x0000000742200000, 0x0000000742200000, 0x0000000742300000|  0%| F|  |TAMS 0x0000000742200000, 0x0000000742200000| Untracked 
|  25|0x0000000742300000, 0x0000000742300000, 0x0000000742400000|  0%| F|  |TAMS 0x0000000742300000, 0x0000000742300000| Untracked 
|  26|0x0000000742400000, 0x0000000742400000, 0x0000000742500000|  0%| F|  |TAMS 0x0000000742400000, 0x0000000742400000| Untracked 
|  27|0x0000000742500000, 0x0000000742500000, 0x0000000742600000|  0%| F|  |TAMS 0x0000000742500000, 0x0000000742500000| Untracked 
|  28|0x0000000742600000, 0x0000000742600000, 0x0000000742700000|  0%| F|  |TAMS 0x0000000742600000, 0x0000000742600000| Untracked 
|  29|0x0000000742700000, 0x0000000742700000, 0x0000000742800000|  0%| F|  |TAMS 0x0000000742700000, 0x0000000742700000| Untracked 
|  30|0x0000000742800000, 0x0000000742800000, 0x0000000742900000|  0%| F|  |TAMS 0x0000000742800000, 0x0000000742800000| Untracked 
|  31|0x0000000742900000, 0x0000000742900000, 0x0000000742a00000|  0%| F|  |TAMS 0x0000000742900000, 0x0000000742900000| Untracked 
|  32|0x0000000742a00000, 0x0000000742a00000, 0x0000000742b00000|  0%| F|  |TAMS 0x0000000742a00000, 0x0000000742a00000| Untracked 
|  33|0x0000000742b00000, 0x0000000742b00000, 0x0000000742c00000|  0%| F|  |TAMS 0x0000000742b00000, 0x0000000742b00000| Untracked 
|  34|0x0000000742c00000, 0x0000000742c00000, 0x0000000742d00000|  0%| F|  |TAMS 0x0000000742c00000, 0x0000000742c00000| Untracked 
|  35|0x0000000742d00000, 0x0000000742d00000, 0x0000000742e00000|  0%| F|  |TAMS 0x0000000742d00000, 0x0000000742d00000| Untracked 
|  36|0x0000000742e00000, 0x0000000742e00000, 0x0000000742f00000|  0%| F|  |TAMS 0x0000000742e00000, 0x0000000742e00000| Untracked 
|  37|0x0000000742f00000, 0x0000000742f00000, 0x0000000743000000|  0%| F|  |TAMS 0x0000000742f00000, 0x0000000742f00000| Untracked 
|  38|0x0000000743000000, 0x0000000743000000, 0x0000000743100000|  0%| F|  |TAMS 0x0000000743000000, 0x0000000743000000| Untracked 
|  39|0x0000000743100000, 0x0000000743100000, 0x0000000743200000|  0%| F|  |TAMS 0x0000000743100000, 0x0000000743100000| Untracked 
|  40|0x0000000743200000, 0x0000000743200000, 0x0000000743300000|  0%| F|  |TAMS 0x0000000743200000, 0x0000000743200000| Untracked 
|  41|0x0000000743300000, 0x0000000743300000, 0x0000000743400000|  0%| F|  |TAMS 0x0000000743300000, 0x0000000743300000| Untracked 
|  42|0x0000000743400000, 0x0000000743400000, 0x0000000743500000|  0%| F|  |TAMS 0x0000000743400000, 0x0000000743400000| Untracked 
|  43|0x0000000743500000, 0x0000000743500000, 0x0000000743600000|  0%| F|  |TAMS 0x0000000743500000, 0x0000000743500000| Untracked 
|  44|0x0000000743600000, 0x0000000743600000, 0x0000000743700000|  0%| F|  |TAMS 0x0000000743600000, 0x0000000743600000| Untracked 
|  45|0x0000000743700000, 0x0000000743700000, 0x0000000743800000|  0%| F|  |TAMS 0x0000000743700000, 0x0000000743700000| Untracked 
|  46|0x0000000743800000, 0x0000000743800000, 0x0000000743900000|  0%| F|  |TAMS 0x0000000743800000, 0x0000000743800000| Untracked 
|  47|0x0000000743900000, 0x0000000743900000, 0x0000000743a00000|  0%| F|  |TAMS 0x0000000743900000, 0x0000000743900000| Untracked 
|  48|0x0000000743a00000, 0x0000000743a00000, 0x0000000743b00000|  0%| F|  |TAMS 0x0000000743a00000, 0x0000000743a00000| Untracked 
|  49|0x0000000743b00000, 0x0000000743b00000, 0x0000000743c00000|  0%| F|  |TAMS 0x0000000743b00000, 0x0000000743b00000| Untracked 
|  50|0x0000000743c00000, 0x0000000743c00000, 0x0000000743d00000|  0%| F|  |TAMS 0x0000000743c00000, 0x0000000743c00000| Untracked 
|  51|0x0000000743d00000, 0x0000000743d00000, 0x0000000743e00000|  0%| F|  |TAMS 0x0000000743d00000, 0x0000000743d00000| Untracked 
|  52|0x0000000743e00000, 0x0000000743e00000, 0x0000000743f00000|  0%| F|  |TAMS 0x0000000743e00000, 0x0000000743e00000| Untracked 
|  53|0x0000000743f00000, 0x0000000743f00000, 0x0000000744000000|  0%| F|  |TAMS 0x0000000743f00000, 0x0000000743f00000| Untracked 
|  54|0x0000000744000000, 0x0000000744000000, 0x0000000744100000|  0%| F|  |TAMS 0x0000000744000000, 0x0000000744000000| Untracked 
|  55|0x0000000744100000, 0x0000000744100000, 0x0000000744200000|  0%| F|  |TAMS 0x0000000744100000, 0x0000000744100000| Untracked 
|  56|0x0000000744200000, 0x0000000744200000, 0x0000000744300000|  0%| F|  |TAMS 0x0000000744200000, 0x0000000744200000| Untracked 
|  57|0x0000000744300000, 0x0000000744300000, 0x0000000744400000|  0%| F|  |TAMS 0x0000000744300000, 0x0000000744300000| Untracked 
|  58|0x0000000744400000, 0x0000000744400000, 0x0000000744500000|  0%| F|  |TAMS 0x0000000744400000, 0x0000000744400000| Untracked 
|  59|0x0000000744500000, 0x0000000744500000, 0x0000000744600000|  0%| F|  |TAMS 0x0000000744500000, 0x0000000744500000| Untracked 
|  60|0x0000000744600000, 0x0000000744600000, 0x0000000744700000|  0%| F|  |TAMS 0x0000000744600000, 0x0000000744600000| Untracked 
|  61|0x0000000744700000, 0x0000000744700000, 0x0000000744800000|  0%| F|  |TAMS 0x0000000744700000, 0x0000000744700000| Untracked 
|  62|0x0000000744800000, 0x0000000744800000, 0x0000000744900000|  0%| F|  |TAMS 0x0000000744800000, 0x0000000744800000| Untracked 
|  63|0x0000000744900000, 0x0000000744900000, 0x0000000744a00000|  0%| F|  |TAMS 0x0000000744900000, 0x0000000744900000| Untracked 
|  64|0x0000000744a00000, 0x0000000744a00000, 0x0000000744b00000|  0%| F|  |TAMS 0x0000000744a00000, 0x0000000744a00000| Untracked 
|  65|0x0000000744b00000, 0x0000000744b00000, 0x0000000744c00000|  0%| F|  |TAMS 0x0000000744b00000, 0x0000000744b00000| Untracked 
|  66|0x0000000744c00000, 0x0000000744c00000, 0x0000000744d00000|  0%| F|  |TAMS 0x0000000744c00000, 0x0000000744c00000| Untracked 
|  67|0x0000000744d00000, 0x0000000744d00000, 0x0000000744e00000|  0%| F|  |TAMS 0x0000000744d00000, 0x0000000744d00000| Untracked 
|  68|0x0000000744e00000, 0x0000000744e00000, 0x0000000744f00000|  0%| F|  |TAMS 0x0000000744e00000, 0x0000000744e00000| Untracked 
|  69|0x0000000744f00000, 0x0000000744f00000, 0x0000000745000000|  0%| F|  |TAMS 0x0000000744f00000, 0x0000000744f00000| Untracked 
|  70|0x0000000745000000, 0x0000000745000000, 0x0000000745100000|  0%| F|  |TAMS 0x0000000745000000, 0x0000000745000000| Untracked 
|  71|0x0000000745100000, 0x0000000745100000, 0x0000000745200000|  0%| F|  |TAMS 0x0000000745100000, 0x0000000745100000| Untracked 
|  72|0x0000000745200000, 0x0000000745200000, 0x0000000745300000|  0%| F|  |TAMS 0x0000000745200000, 0x0000000745200000| Untracked 
|  73|0x0000000745300000, 0x0000000745300000, 0x0000000745400000|  0%| F|  |TAMS 0x0000000745300000, 0x0000000745300000| Untracked 
|  74|0x0000000745400000, 0x0000000745400000, 0x0000000745500000|  0%| F|  |TAMS 0x0000000745400000, 0x0000000745400000| Untracked 
|  75|0x0000000745500000, 0x0000000745500000, 0x0000000745600000|  0%| F|  |TAMS 0x0000000745500000, 0x0000000745500000| Untracked 
|  76|0x0000000745600000, 0x0000000745600000, 0x0000000745700000|  0%| F|  |TAMS 0x0000000745600000, 0x0000000745600000| Untracked 
|  77|0x0000000745700000, 0x0000000745700000, 0x0000000745800000|  0%| F|  |TAMS 0x0000000745700000, 0x0000000745700000| Untracked 
|  78|0x0000000745800000, 0x0000000745800000, 0x0000000745900000|  0%| F|  |TAMS 0x0000000745800000, 0x0000000745800000| Untracked 
|  79|0x0000000745900000, 0x0000000745900000, 0x0000000745a00000|  0%| F|  |TAMS 0x0000000745900000, 0x0000000745900000| Untracked 
|  80|0x0000000745a00000, 0x0000000745a00000, 0x0000000745b00000|  0%| F|  |TAMS 0x0000000745a00000, 0x0000000745a00000| Untracked 
|  81|0x0000000745b00000, 0x0000000745b00000, 0x0000000745c00000|  0%| F|  |TAMS 0x0000000745b00000, 0x0000000745b00000| Untracked 
|  82|0x0000000745c00000, 0x0000000745c00000, 0x0000000745d00000|  0%| F|  |TAMS 0x0000000745c00000, 0x0000000745c00000| Untracked 
|  83|0x0000000745d00000, 0x0000000745d00000, 0x0000000745e00000|  0%| F|  |TAMS 0x0000000745d00000, 0x0000000745d00000| Untracked 
|  84|0x0000000745e00000, 0x0000000745e00000, 0x0000000745f00000|  0%| F|  |TAMS 0x0000000745e00000, 0x0000000745e00000| Untracked 
|  85|0x0000000745f00000, 0x0000000745f00000, 0x0000000746000000|  0%| F|  |TAMS 0x0000000745f00000, 0x0000000745f00000| Untracked 
|  86|0x0000000746000000, 0x0000000746000000, 0x0000000746100000|  0%| F|  |TAMS 0x0000000746000000, 0x0000000746000000| Untracked 
|  87|0x0000000746100000, 0x0000000746100000, 0x0000000746200000|  0%| F|  |TAMS 0x0000000746100000, 0x0000000746100000| Untracked 
|  88|0x0000000746200000, 0x0000000746200000, 0x0000000746300000|  0%| F|  |TAMS 0x0000000746200000, 0x0000000746200000| Untracked 
|  89|0x0000000746300000, 0x0000000746300000, 0x0000000746400000|  0%| F|  |TAMS 0x0000000746300000, 0x0000000746300000| Untracked 
|  90|0x0000000746400000, 0x0000000746400000, 0x0000000746500000|  0%| F|  |TAMS 0x0000000746400000, 0x0000000746400000| Untracked 
|  91|0x0000000746500000, 0x0000000746500000, 0x0000000746600000|  0%| F|  |TAMS 0x0000000746500000, 0x0000000746500000| Untracked 
|  92|0x0000000746600000, 0x0000000746600000, 0x0000000746700000|  0%| F|  |TAMS 0x0000000746600000, 0x0000000746600000| Untracked 
|  93|0x0000000746700000, 0x0000000746700000, 0x0000000746800000|  0%| F|  |TAMS 0x0000000746700000, 0x0000000746700000| Untracked 
|  94|0x0000000746800000, 0x0000000746800000, 0x0000000746900000|  0%| F|  |TAMS 0x0000000746800000, 0x0000000746800000| Untracked 
|  95|0x0000000746900000, 0x0000000746900000, 0x0000000746a00000|  0%| F|  |TAMS 0x0000000746900000, 0x0000000746900000| Untracked 
|  96|0x0000000746a00000, 0x0000000746a00000, 0x0000000746b00000|  0%| F|  |TAMS 0x0000000746a00000, 0x0000000746a00000| Untracked 
|  97|0x0000000746b00000, 0x0000000746b00000, 0x0000000746c00000|  0%| F|  |TAMS 0x0000000746b00000, 0x0000000746b00000| Untracked 
|  98|0x0000000746c00000, 0x0000000746c00000, 0x0000000746d00000|  0%| F|  |TAMS 0x0000000746c00000, 0x0000000746c00000| Untracked 
|  99|0x0000000746d00000, 0x0000000746d00000, 0x0000000746e00000|  0%| F|  |TAMS 0x0000000746d00000, 0x0000000746d00000| Untracked 
| 100|0x0000000746e00000, 0x0000000746e00000, 0x0000000746f00000|  0%| F|  |TAMS 0x0000000746e00000, 0x0000000746e00000| Untracked 
| 101|0x0000000746f00000, 0x0000000746f00000, 0x0000000747000000|  0%| F|  |TAMS 0x0000000746f00000, 0x0000000746f00000| Untracked 
| 102|0x0000000747000000, 0x0000000747000000, 0x0000000747100000|  0%| F|  |TAMS 0x0000000747000000, 0x0000000747000000| Untracked 
| 103|0x0000000747100000, 0x0000000747100000, 0x0000000747200000|  0%| F|  |TAMS 0x0000000747100000, 0x0000000747100000| Untracked 
| 104|0x0000000747200000, 0x0000000747200000, 0x0000000747300000|  0%| F|  |TAMS 0x0000000747200000, 0x0000000747200000| Untracked 
| 105|0x0000000747300000, 0x0000000747300000, 0x0000000747400000|  0%| F|  |TAMS 0x0000000747300000, 0x0000000747300000| Untracked 
| 106|0x0000000747400000, 0x0000000747400000, 0x0000000747500000|  0%| F|  |TAMS 0x0000000747400000, 0x0000000747400000| Untracked 
| 107|0x0000000747500000, 0x0000000747500000, 0x0000000747600000|  0%| F|  |TAMS 0x0000000747500000, 0x0000000747500000| Untracked 
| 108|0x0000000747600000, 0x0000000747600000, 0x0000000747700000|  0%| F|  |TAMS 0x0000000747600000, 0x0000000747600000| Untracked 
| 109|0x0000000747700000, 0x0000000747700000, 0x0000000747800000|  0%| F|  |TAMS 0x0000000747700000, 0x0000000747700000| Untracked 
| 110|0x0000000747800000, 0x0000000747800000, 0x0000000747900000|  0%| F|  |TAMS 0x0000000747800000, 0x0000000747800000| Untracked 
| 111|0x0000000747900000, 0x0000000747900000, 0x0000000747a00000|  0%| F|  |TAMS 0x0000000747900000, 0x0000000747900000| Untracked 
| 112|0x0000000747a00000, 0x0000000747a00000, 0x0000000747b00000|  0%| F|  |TAMS 0x0000000747a00000, 0x0000000747a00000| Untracked 
| 113|0x0000000747b00000, 0x0000000747b00000, 0x0000000747c00000|  0%| F|  |TAMS 0x0000000747b00000, 0x0000000747b00000| Untracked 
| 114|0x0000000747c00000, 0x0000000747c00000, 0x0000000747d00000|  0%| F|  |TAMS 0x0000000747c00000, 0x0000000747c00000| Untracked 
| 115|0x0000000747d00000, 0x0000000747d00000, 0x0000000747e00000|  0%| F|  |TAMS 0x0000000747d00000, 0x0000000747d00000| Untracked 
| 116|0x0000000747e00000, 0x0000000747e00000, 0x0000000747f00000|  0%| F|  |TAMS 0x0000000747e00000, 0x0000000747e00000| Untracked 
| 117|0x0000000747f00000, 0x0000000747f00000, 0x0000000748000000|  0%| F|  |TAMS 0x0000000747f00000, 0x0000000747f00000| Untracked 
| 118|0x0000000748000000, 0x0000000748000000, 0x0000000748100000|  0%| F|  |TAMS 0x0000000748000000, 0x0000000748000000| Untracked 
| 119|0x0000000748100000, 0x0000000748100000, 0x0000000748200000|  0%| F|  |TAMS 0x0000000748100000, 0x0000000748100000| Untracked 
| 120|0x0000000748200000, 0x0000000748200000, 0x0000000748300000|  0%| F|  |TAMS 0x0000000748200000, 0x0000000748200000| Untracked 
| 121|0x0000000748300000, 0x0000000748300000, 0x0000000748400000|  0%| F|  |TAMS 0x0000000748300000, 0x0000000748300000| Untracked 
| 122|0x0000000748400000, 0x0000000748400000, 0x0000000748500000|  0%| F|  |TAMS 0x0000000748400000, 0x0000000748400000| Untracked 
| 123|0x0000000748500000, 0x0000000748500000, 0x0000000748600000|  0%| F|  |TAMS 0x0000000748500000, 0x0000000748500000| Untracked 
| 124|0x0000000748600000, 0x0000000748600000, 0x0000000748700000|  0%| F|  |TAMS 0x0000000748600000, 0x0000000748600000| Untracked 
| 125|0x0000000748700000, 0x0000000748700000, 0x0000000748800000|  0%| F|  |TAMS 0x0000000748700000, 0x0000000748700000| Untracked 
| 126|0x0000000748800000, 0x0000000748800000, 0x0000000748900000|  0%| F|  |TAMS 0x0000000748800000, 0x0000000748800000| Untracked 
| 127|0x0000000748900000, 0x0000000748900000, 0x0000000748a00000|  0%| F|  |TAMS 0x0000000748900000, 0x0000000748900000| Untracked 
| 128|0x0000000748a00000, 0x0000000748a00000, 0x0000000748b00000|  0%| F|  |TAMS 0x0000000748a00000, 0x0000000748a00000| Untracked 
| 129|0x0000000748b00000, 0x0000000748b00000, 0x0000000748c00000|  0%| F|  |TAMS 0x0000000748b00000, 0x0000000748b00000| Untracked 
| 130|0x0000000748c00000, 0x0000000748c00000, 0x0000000748d00000|  0%| F|  |TAMS 0x0000000748c00000, 0x0000000748c00000| Untracked 
| 131|0x0000000748d00000, 0x0000000748d00000, 0x0000000748e00000|  0%| F|  |TAMS 0x0000000748d00000, 0x0000000748d00000| Untracked 
| 132|0x0000000748e00000, 0x0000000748e00000, 0x0000000748f00000|  0%| F|  |TAMS 0x0000000748e00000, 0x0000000748e00000| Untracked 
| 133|0x0000000748f00000, 0x0000000748f00000, 0x0000000749000000|  0%| F|  |TAMS 0x0000000748f00000, 0x0000000748f00000| Untracked 
| 134|0x0000000749000000, 0x0000000749000000, 0x0000000749100000|  0%| F|  |TAMS 0x0000000749000000, 0x0000000749000000| Untracked 
| 135|0x0000000749100000, 0x0000000749100000, 0x0000000749200000|  0%| F|  |TAMS 0x0000000749100000, 0x0000000749100000| Untracked 
| 136|0x0000000749200000, 0x0000000749200000, 0x0000000749300000|  0%| F|  |TAMS 0x0000000749200000, 0x0000000749200000| Untracked 
| 137|0x0000000749300000, 0x0000000749300000, 0x0000000749400000|  0%| F|  |TAMS 0x0000000749300000, 0x0000000749300000| Untracked 
| 138|0x0000000749400000, 0x0000000749400000, 0x0000000749500000|  0%| F|  |TAMS 0x0000000749400000, 0x0000000749400000| Untracked 
| 139|0x0000000749500000, 0x0000000749500000, 0x0000000749600000|  0%| F|  |TAMS 0x0000000749500000, 0x0000000749500000| Untracked 
| 140|0x0000000749600000, 0x0000000749600000, 0x0000000749700000|  0%| F|  |TAMS 0x0000000749600000, 0x0000000749600000| Untracked 
| 141|0x0000000749700000, 0x0000000749700000, 0x0000000749800000|  0%| F|  |TAMS 0x0000000749700000, 0x0000000749700000| Untracked 
| 142|0x0000000749800000, 0x0000000749800000, 0x0000000749900000|  0%| F|  |TAMS 0x0000000749800000, 0x0000000749800000| Untracked 
| 143|0x0000000749900000, 0x0000000749900000, 0x0000000749a00000|  0%| F|  |TAMS 0x0000000749900000, 0x0000000749900000| Untracked 
| 144|0x0000000749a00000, 0x0000000749a00000, 0x0000000749b00000|  0%| F|  |TAMS 0x0000000749a00000, 0x0000000749a00000| Untracked 
| 145|0x0000000749b00000, 0x0000000749b00000, 0x0000000749c00000|  0%| F|  |TAMS 0x0000000749b00000, 0x0000000749b00000| Untracked 
| 146|0x0000000749c00000, 0x0000000749c00000, 0x0000000749d00000|  0%| F|  |TAMS 0x0000000749c00000, 0x0000000749c00000| Untracked 
| 147|0x0000000749d00000, 0x0000000749d00000, 0x0000000749e00000|  0%| F|  |TAMS 0x0000000749d00000, 0x0000000749d00000| Untracked 
| 148|0x0000000749e00000, 0x0000000749e00000, 0x0000000749f00000|  0%| F|  |TAMS 0x0000000749e00000, 0x0000000749e00000| Untracked 
| 149|0x0000000749f00000, 0x0000000749f00000, 0x000000074a000000|  0%| F|  |TAMS 0x0000000749f00000, 0x0000000749f00000| Untracked 
| 150|0x000000074a000000, 0x000000074a000000, 0x000000074a100000|  0%| F|  |TAMS 0x000000074a000000, 0x000000074a000000| Untracked 
| 151|0x000000074a100000, 0x000000074a100000, 0x000000074a200000|  0%| F|  |TAMS 0x000000074a100000, 0x000000074a100000| Untracked 
| 152|0x000000074a200000, 0x000000074a200000, 0x000000074a300000|  0%| F|  |TAMS 0x000000074a200000, 0x000000074a200000| Untracked 
| 153|0x000000074a300000, 0x000000074a300000, 0x000000074a400000|  0%| F|  |TAMS 0x000000074a300000, 0x000000074a300000| Untracked 
| 154|0x000000074a400000, 0x000000074a400000, 0x000000074a500000|  0%| F|  |TAMS 0x000000074a400000, 0x000000074a400000| Untracked 
| 155|0x000000074a500000, 0x000000074a500000, 0x000000074a600000|  0%| F|  |TAMS 0x000000074a500000, 0x000000074a500000| Untracked 
| 156|0x000000074a600000, 0x000000074a600000, 0x000000074a700000|  0%| F|  |TAMS 0x000000074a600000, 0x000000074a600000| Untracked 
| 157|0x000000074a700000, 0x000000074a700000, 0x000000074a800000|  0%| F|  |TAMS 0x000000074a700000, 0x000000074a700000| Untracked 
| 158|0x000000074a800000, 0x000000074a800000, 0x000000074a900000|  0%| F|  |TAMS 0x000000074a800000, 0x000000074a800000| Untracked 
| 159|0x000000074a900000, 0x000000074a900000, 0x000000074aa00000|  0%| F|  |TAMS 0x000000074a900000, 0x000000074a900000| Untracked 
| 160|0x000000074aa00000, 0x000000074aa00000, 0x000000074ab00000|  0%| F|  |TAMS 0x000000074aa00000, 0x000000074aa00000| Untracked 
| 161|0x000000074ab00000, 0x000000074ab00000, 0x000000074ac00000|  0%| F|  |TAMS 0x000000074ab00000, 0x000000074ab00000| Untracked 
| 162|0x000000074ac00000, 0x000000074ac00000, 0x000000074ad00000|  0%| F|  |TAMS 0x000000074ac00000, 0x000000074ac00000| Untracked 
| 163|0x000000074ad00000, 0x000000074ad00000, 0x000000074ae00000|  0%| F|  |TAMS 0x000000074ad00000, 0x000000074ad00000| Untracked 
| 164|0x000000074ae00000, 0x000000074ae00000, 0x000000074af00000|  0%| F|  |TAMS 0x000000074ae00000, 0x000000074ae00000| Untracked 
| 165|0x000000074af00000, 0x000000074af00000, 0x000000074b000000|  0%| F|  |TAMS 0x000000074af00000, 0x000000074af00000| Untracked 
| 166|0x000000074b000000, 0x000000074b000000, 0x000000074b100000|  0%| F|  |TAMS 0x000000074b000000, 0x000000074b000000| Untracked 
| 167|0x000000074b100000, 0x000000074b100000, 0x000000074b200000|  0%| F|  |TAMS 0x000000074b100000, 0x000000074b100000| Untracked 
| 168|0x000000074b200000, 0x000000074b200000, 0x000000074b300000|  0%| F|  |TAMS 0x000000074b200000, 0x000000074b200000| Untracked 
| 169|0x000000074b300000, 0x000000074b300000, 0x000000074b400000|  0%| F|  |TAMS 0x000000074b300000, 0x000000074b300000| Untracked 
| 170|0x000000074b400000, 0x000000074b400000, 0x000000074b500000|  0%| F|  |TAMS 0x000000074b400000, 0x000000074b400000| Untracked 
| 171|0x000000074b500000, 0x000000074b500000, 0x000000074b600000|  0%| F|  |TAMS 0x000000074b500000, 0x000000074b500000| Untracked 
| 172|0x000000074b600000, 0x000000074b600000, 0x000000074b700000|  0%| F|  |TAMS 0x000000074b600000, 0x000000074b600000| Untracked 
| 173|0x000000074b700000, 0x000000074b700000, 0x000000074b800000|  0%| F|  |TAMS 0x000000074b700000, 0x000000074b700000| Untracked 
| 174|0x000000074b800000, 0x000000074b800000, 0x000000074b900000|  0%| F|  |TAMS 0x000000074b800000, 0x000000074b800000| Untracked 
| 175|0x000000074b900000, 0x000000074b900000, 0x000000074ba00000|  0%| F|  |TAMS 0x000000074b900000, 0x000000074b900000| Untracked 
| 176|0x000000074ba00000, 0x000000074bb00000, 0x000000074bb00000|100%| E|  |TAMS 0x000000074ba00000, 0x000000074ba00000| Complete 
| 177|0x000000074bb00000, 0x000000074bc00000, 0x000000074bc00000|100%| E|CS|TAMS 0x000000074bb00000, 0x000000074bb00000| Complete 
| 178|0x000000074bc00000, 0x000000074bd00000, 0x000000074bd00000|100%| E|CS|TAMS 0x000000074bc00000, 0x000000074bc00000| Complete 
| 179|0x000000074bd00000, 0x000000074be00000, 0x000000074be00000|100%| E|CS|TAMS 0x000000074bd00000, 0x000000074bd00000| Complete 
| 180|0x000000074be00000, 0x000000074bf00000, 0x000000074bf00000|100%| E|CS|TAMS 0x000000074be00000, 0x000000074be00000| Complete 
| 181|0x000000074bf00000, 0x000000074c000000, 0x000000074c000000|100%| E|CS|TAMS 0x000000074bf00000, 0x000000074bf00000| Complete 
| 182|0x000000074c000000, 0x000000074c100000, 0x000000074c100000|100%| E|CS|TAMS 0x000000074c000000, 0x000000074c000000| Complete 
| 183|0x000000074c100000, 0x000000074c200000, 0x000000074c200000|100%| E|CS|TAMS 0x000000074c100000, 0x000000074c100000| Complete 
| 184|0x000000074c200000, 0x000000074c300000, 0x000000074c300000|100%| E|CS|TAMS 0x000000074c200000, 0x000000074c200000| Complete 
| 185|0x000000074c300000, 0x000000074c400000, 0x000000074c400000|100%| E|CS|TAMS 0x000000074c300000, 0x000000074c300000| Complete 
| 186|0x000000074c400000, 0x000000074c500000, 0x000000074c500000|100%| E|CS|TAMS 0x000000074c400000, 0x000000074c400000| Complete 
| 187|0x000000074c500000, 0x000000074c600000, 0x000000074c600000|100%| E|CS|TAMS 0x000000074c500000, 0x000000074c500000| Complete 
| 188|0x000000074c600000, 0x000000074c700000, 0x000000074c700000|100%| E|CS|TAMS 0x000000074c600000, 0x000000074c600000| Complete 
| 189|0x000000074c700000, 0x000000074c800000, 0x000000074c800000|100%| E|CS|TAMS 0x000000074c700000, 0x000000074c700000| Complete 
| 190|0x000000074c800000, 0x000000074c900000, 0x000000074c900000|100%| E|CS|TAMS 0x000000074c800000, 0x000000074c800000| Complete 
| 191|0x000000074c900000, 0x000000074ca00000, 0x000000074ca00000|100%| E|CS|TAMS 0x000000074c900000, 0x000000074c900000| Complete 

Card table byte_map: [0x000002077c140000,0x000002077c740000] _byte_map_base: 0x000002077873b000

Marking Bits (Prev, Next): (CMBitMap*) 0x0000020763cf5dc8, (CMBitMap*) 0x0000020763cf5e08
 Prev Bits: [0x000002077cd40000, 0x000002077fd18000)
 Next Bits: [0x0000020700000000, 0x0000020702fd8000)

Polling page: 0x0000020762490000

Metaspace:

Usage:
  Non-class:      9.24 MB capacity,     9.10 MB ( 98%) used,   116.95 KB (  1%) free+waste,    30.38 KB ( <1%) overhead. 
      Class:      1.40 MB capacity,     1.27 MB ( 90%) used,   122.38 KB (  9%) free+waste,    17.19 KB (  1%) overhead. 
       Both:     10.64 MB capacity,    10.36 MB ( 97%) used,   239.33 KB (  2%) free+waste,    47.56 KB ( <1%) overhead. 

Virtual space:
  Non-class space:       10.00 MB reserved,       9.25 MB ( 93%) committed 
      Class space:        1.00 GB reserved,       1.50 MB ( <1%) committed 
             Both:        1.01 GB reserved,      10.75 MB (  1%) committed 

Chunk freelists:
   Non-Class:  1.25 KB
       Class:  640 bytes
        Both:  1.88 KB

CodeHeap 'non-profiled nmethods': size=120000Kb used=419Kb max_used=419Kb free=119580Kb
 bounds [0x0000020773ba0000, 0x0000020773e10000, 0x000002077b0d0000]
CodeHeap 'profiled nmethods': size=120000Kb used=2530Kb max_used=2530Kb free=117469Kb
 bounds [0x000002076c670000, 0x000002076c8f0000, 0x0000020773ba0000]
CodeHeap 'non-nmethods': size=5760Kb used=1241Kb max_used=1241Kb free=4519Kb
 bounds [0x000002076c0d0000, 0x000002076c340000, 0x000002076c670000]
 total_blobs=2121 nmethods=1323 adapters=512
 compilation: enabled
              stopped_count=0, restarted_count=0
 full_count=0

Compilation events (10 events):
Event: 1.489 Thread 0x000002070619d000 1284       3       java.awt.font.FontRenderContext::equals (127 bytes)
Event: 1.491 Thread 0x000002070619d000 nmethod 1284 0x000002076c8d5990 code [0x000002076c8d5ca0, 0x000002076c8d7080]
Event: 1.491 Thread 0x000002070619d000 1285       1       sun.font.FontDesignMetrics$MetricsKey::hashCode (5 bytes)
Event: 1.491 Thread 0x000002070619d000 nmethod 1285 0x0000020773c06010 code [0x0000020773c061c0, 0x0000020773c062f8]
Event: 1.494 Thread 0x000002070619d000 1286       3       sun.font.FontDesignMetrics::getLatinCharWidth (29 bytes)
Event: 1.494 Thread 0x000002070619d000 nmethod 1286 0x000002076c8d7410 code [0x000002076c8d7620, 0x000002076c8d79b0]
Event: 1.495 Thread 0x000002070619d000 1287       3       javax.swing.text.View::getContainer (18 bytes)
Event: 1.495 Thread 0x000002070619d000 nmethod 1287 0x000002076c8d7b90 code [0x000002076c8d7d60, 0x000002076c8d80d0]
Event: 1.495 Thread 0x000002070619d000 1288       3       javax.swing.text.CompositeView::getView (7 bytes)
Event: 1.495 Thread 0x000002070619d000 nmethod 1288 0x000002076c8d8190 code [0x000002076c8d8340, 0x000002076c8d84f8]

GC Heap History (0 events):
No events

Deoptimization events (9 events):
Event: 0.094 Thread 0x0000020763ca1800 Uncommon trap: reason=unstable_if action=reinterpret pc=0x0000020773ba4b44 method=java.lang.String.hashCode()I @ 14 c2
Event: 0.288 Thread 0x0000020763ca1800 Uncommon trap: reason=range_check action=reinterpret pc=0x0000020773bb2218 method=java.lang.StringLatin1.indexOf([BII)I @ 13 c2
Event: 0.824 Thread 0x000002070655e000 Uncommon trap: reason=class_check action=maybe_recompile pc=0x0000020773bb8e08 method=java.lang.String.equals(Ljava/lang/Object;)Z @ 8 c2
Event: 0.824 Thread 0x000002070655e000 Uncommon trap: reason=class_check action=maybe_recompile pc=0x0000020773bb8e08 method=java.lang.String.equals(Ljava/lang/Object;)Z @ 8 c2
Event: 0.824 Thread 0x000002070655e000 Uncommon trap: reason=class_check action=maybe_recompile pc=0x0000020773bb8e08 method=java.lang.String.equals(Ljava/lang/Object;)Z @ 8 c2
Event: 0.824 Thread 0x000002070655e000 Uncommon trap: reason=class_check action=maybe_recompile pc=0x0000020773bb8e08 method=java.lang.String.equals(Ljava/lang/Object;)Z @ 8 c2
Event: 1.042 Thread 0x000002070655e000 Uncommon trap: reason=unstable_if action=reinterpret pc=0x0000020773bdba90 method=java.util.HashMap.putVal(ILjava/lang/Object;Ljava/lang/Object;ZZ)Ljava/lang/Object; @ 181 c2
Event: 1.077 Thread 0x000002070655e000 Uncommon trap: reason=unstable_if action=reinterpret pc=0x0000020773bda31c method=java.util.HashMap.putVal(ILjava/lang/Object;Ljava/lang/Object;ZZ)Ljava/lang/Object; @ 181 c2
Event: 1.189 Thread 0x000002070655e000 Uncommon trap: reason=unstable_if action=reinterpret pc=0x0000020773bcf8f4 method=java.lang.String.substring(II)Ljava/lang/String; @ 31 c2

Classes redefined (0 events):
No events

Internal exceptions (10 events):
Event: 0.397 Thread 0x000002070651b800 Exception <a 'java/lang/NoSuchMethodError'{0x000000074c780460}: java.lang.invoke.DirectMethodHandle$Holder.invokeSpecial(Ljava/lang/Object;Ljava/lang/Object;)V> (0x000000074c780460) thrown at [t:/workspace/open/src/hotspot/share/interpreter/linkResolver.c
Event: 0.403 Thread 0x0000020763ca1800 Exception <a 'java/lang/NoSuchMethodError'{0x000000074c7fa7a0}: java.lang.invoke.DirectMethodHandle$Holder.invokeStatic(Ljava/lang/Object;Ljava/lang/Object;Ljava/lang/Object;Ljava/lang/Object;Ljava/lang/Object;Ljava/lang/Object;Ljava/lang/Object;J)Ljava/l
Event: 0.604 Thread 0x000002070655e000 Exception <a 'java/lang/NoSuchMethodError'{0x000000074c5ce9d8}: java.lang.invoke.DirectMethodHandle$Holder.invokeStatic(Ljava/lang/Object;ILjava/lang/Object;Ljava/lang/Object;Ljava/lang/Object;Ljava/lang/Object;)Ljava/lang/Object;> (0x000000074c5ce9d8) th
Event: 0.605 Thread 0x000002070655e000 Exception <a 'java/lang/NoSuchMethodError'{0x000000074c5d55f8}: java.lang.invoke.DirectMethodHandle$Holder.invokeStatic(Ljava/lang/Object;ILjava/lang/Object;Ljava/lang/Object;Ljava/lang/Object;)Ljava/lang/Object;> (0x000000074c5d55f8) thrown at [t:/worksp
Event: 0.606 Thread 0x000002070655e000 Exception <a 'java/lang/NoSuchMethodError'{0x000000074c5d8e50}: java.lang.invoke.DirectMethodHandle$Holder.invokeSpecial(Ljava/lang/Object;Ljava/lang/Object;ILjava/lang/Object;Ljava/lang/Object;Ljava/lang/Object;)Ljava/lang/Object;> (0x000000074c5d8e50) t
Event: 0.652 Thread 0x000002070655e000 Exception <a 'java/lang/ClassNotFoundException'{0x000000074c4980b8}: com/sun/swing/internal/plaf/metal/resources/spi/metalProvider> (0x000000074c4980b8) thrown at [t:/workspace/open/src/hotspot/share/classfile/systemDictionary.cpp, line 235]
Event: 0.654 Thread 0x000002070655e000 Exception <a 'java/lang/ClassNotFoundException'{0x000000074c49c648}: com/sun/swing/internal/plaf/basic/resources/spi/basicProvider> (0x000000074c49c648) thrown at [t:/workspace/open/src/hotspot/share/classfile/systemDictionary.cpp, line 235]
Event: 1.291 Thread 0x000002070655e000 Exception <a 'java/lang/NoSuchMethodError'{0x000000074bce3640}: java.lang.invoke.DirectMethodHandle$Holder.invokeSpecialIFC(Ljava/lang/Object;Ljava/lang/Object;I)I> (0x000000074bce3640) thrown at [t:/workspace/open/src/hotspot/share/interpreter/linkResolv
Event: 1.376 Thread 0x000002070655e000 Exception <a 'java/lang/NoSuchMethodError'{0x000000074baac918}: java.lang.invoke.DirectMethodHandle$Holder.invokeStaticInit(Ljava/lang/Object;)V> (0x000000074baac918) thrown at [t:/workspace/open/src/hotspot/share/interpreter/linkResolver.cpp, line 777]
Event: 1.387 Thread 0x000002070655e000 Exception <a 'java/lang/NoSuchMethodError'{0x000000074bad6fb8}: java.lang.invoke.Invokers$Holder.linkToTargetMethod(Ljava/lang/Object;ILjava/lang/Object;)Ljava/lang/Object;> (0x000000074bad6fb8) thrown at [t:/workspace/open/src/hotspot/share/interpreter/l

Events (10 events):
Event: 1.490 loading class javax/swing/text/GlyphView$GlyphPainter done
Event: 1.491 loading class javax/swing/text/GlyphPainter1 done
Event: 1.491 loading class javax/swing/text/ParagraphView$Row
Event: 1.491 loading class javax/swing/text/ParagraphView$Row done
Event: 1.493 loading class javax/swing/text/WhitespaceBasedBreakIterator
Event: 1.493 loading class java/text/BreakIterator
Event: 1.493 loading class java/text/BreakIterator done
Event: 1.493 loading class javax/swing/text/WhitespaceBasedBreakIterator done
Event: 1.493 loading class javax/swing/text/ComponentView
Event: 1.494 loading class javax/swing/text/ComponentView done


Dynamic libraries:
0x00007ff773860000 - 0x00007ff77386f000 	C:\Program Files\Java\jdk-12.0.1\bin\javaw.exe
0x00007ff970710000 - 0x00007ff970905000 	C:\WINDOWS\SYSTEM32\ntdll.dll
0x00007ff96e770000 - 0x00007ff96e82d000 	C:\WINDOWS\System32\KERNEL32.DLL
0x00007ff96def0000 - 0x00007ff96e1b9000 	C:\WINDOWS\System32\KERNELBASE.dll
0x00007ff96e380000 - 0x00007ff96e480000 	C:\WINDOWS\System32\ucrtbase.dll
0x00007ff954d30000 - 0x00007ff954d46000 	C:\Program Files\Java\jdk-12.0.1\bin\VCRUNTIME140.dll
0x00007ff954d10000 - 0x00007ff954d28000 	C:\Program Files\Java\jdk-12.0.1\bin\jli.dll
0x00007ff96ed50000 - 0x00007ff96edfc000 	C:\WINDOWS\System32\ADVAPI32.dll
0x00007ff96e970000 - 0x00007ff96ea0e000 	C:\WINDOWS\System32\msvcrt.dll
0x00007ff96f960000 - 0x00007ff96f9fc000 	C:\WINDOWS\System32\sechost.dll
0x00007ff9704f0000 - 0x00007ff97061b000 	C:\WINDOWS\System32\RPCRT4.dll
0x00007ff970350000 - 0x00007ff9704f0000 	C:\WINDOWS\System32\USER32.dll
0x00007ff96e480000 - 0x00007ff96e4a2000 	C:\WINDOWS\System32\win32u.dll
0x00007ff96ee00000 - 0x00007ff96ee2a000 	C:\WINDOWS\System32\GDI32.dll
0x00007ff96e1c0000 - 0x00007ff96e2cb000 	C:\WINDOWS\System32\gdi32full.dll
0x00007ff952740000 - 0x00007ff9529da000 	C:\WINDOWS\WinSxS\amd64_microsoft.windows.common-controls_6595b64144ccf1df_6.0.19041.844_none_ca00b6081b84eb1d\COMCTL32.dll
0x00007ff96de50000 - 0x00007ff96deed000 	C:\WINDOWS\System32\msvcp_win.dll
0x00007ff9672d0000 - 0x00007ff9672da000 	C:\WINDOWS\SYSTEM32\VERSION.dll
0x00007ff96f930000 - 0x00007ff96f960000 	C:\WINDOWS\System32\IMM32.DLL
0x00007ff93f9c0000 - 0x00007ff93fa6a000 	C:\Program Files\Java\jdk-12.0.1\bin\msvcp140.dll
0x00007ff92ba30000 - 0x00007ff92c5a4000 	C:\Program Files\Java\jdk-12.0.1\bin\server\jvm.dll
0x00007ff96ee30000 - 0x00007ff96ee38000 	C:\WINDOWS\System32\PSAPI.DLL
0x00007ff963630000 - 0x00007ff963657000 	C:\WINDOWS\SYSTEM32\WINMM.dll
0x00007ff957bf0000 - 0x00007ff957bf9000 	C:\WINDOWS\SYSTEM32\WSOCK32.dll
0x00007ff96f560000 - 0x00007ff96f5cb000 	C:\WINDOWS\System32\WS2_32.dll
0x00007ff96bdd0000 - 0x00007ff96bde2000 	C:\WINDOWS\SYSTEM32\kernel.appcore.dll
0x00007ff957bd0000 - 0x00007ff957be1000 	C:\Program Files\Java\jdk-12.0.1\bin\verify.dll
0x00007ff965070000 - 0x00007ff965254000 	C:\WINDOWS\SYSTEM32\DBGHELP.DLL
0x00007ff9604f0000 - 0x00007ff96051c000 	C:\WINDOWS\SYSTEM32\dbgcore.DLL
0x00007ff96e6f0000 - 0x00007ff96e770000 	C:\WINDOWS\System32\bcryptPrimitives.dll
0x00007ff954b10000 - 0x00007ff954b36000 	C:\Program Files\Java\jdk-12.0.1\bin\java.dll
0x00007ff954c40000 - 0x00007ff954c57000 	C:\Program Files\Java\jdk-12.0.1\bin\zip.dll
0x00007ff957bc0000 - 0x00007ff957bca000 	C:\Program Files\Java\jdk-12.0.1\bin\jimage.dll
0x00007ff96fc00000 - 0x00007ff970342000 	C:\WINDOWS\System32\SHELL32.dll
0x00007ff96bfd0000 - 0x00007ff96c760000 	C:\WINDOWS\SYSTEM32\windows.storage.dll
0x00007ff96f5d0000 - 0x00007ff96f925000 	C:\WINDOWS\System32\combase.dll
0x00007ff96d8c0000 - 0x00007ff96d8ec000 	C:\WINDOWS\SYSTEM32\Wldp.dll
0x00007ff96f440000 - 0x00007ff96f4ee000 	C:\WINDOWS\System32\SHCORE.dll
0x00007ff96e830000 - 0x00007ff96e885000 	C:\WINDOWS\System32\shlwapi.dll
0x00007ff96dd90000 - 0x00007ff96ddaf000 	C:\WINDOWS\SYSTEM32\profapi.dll
0x00007ff93d4c0000 - 0x00007ff93d65f000 	C:\Program Files\Java\jdk-12.0.1\bin\awt.dll
0x00007ff96fb30000 - 0x00007ff96fbfd000 	C:\WINDOWS\System32\OLEAUT32.dll
0x00007ff96a540000 - 0x00007ff96ab00000 	C:\WINDOWS\SYSTEM32\d2d1.dll
0x00007ff96b7f0000 - 0x00007ff96b880000 	C:\WINDOWS\SYSTEM32\apphelp.dll
0x00007ff96b910000 - 0x00007ff96b9ae000 	C:\WINDOWS\system32\uxtheme.dll
0x00007ff96ea80000 - 0x00007ff96eb95000 	C:\WINDOWS\System32\MSCTF.dll
0x0000000050ad0000 - 0x0000000050b0c000 	C:\Fraps\fraps64.dll
0x00007ff96fa00000 - 0x00007ff96fb2a000 	C:\WINDOWS\System32\ole32.dll
0x00007ff96bbf0000 - 0x00007ff96bc1f000 	C:\WINDOWS\system32\DWMAPI.DLL
0x00007ff922320000 - 0x00007ff922446000 	C:\WINDOWS\system32\opengl32.dll
0x00007ff93e970000 - 0x00007ff93e99c000 	C:\WINDOWS\SYSTEM32\GLU32.dll
0x00007ff951450000 - 0x00007ff95161f000 	C:\WINDOWS\system32\d3d9.dll
0x00007ff963660000 - 0x00007ff96383b000 	C:\WINDOWS\System32\DriverStore\FileRepository\u0361132.inf_amd64_4863ccf4c1b997c9\B361196\aticfx64.dll
0x00007ff951650000 - 0x00007ff951683000 	C:\WINDOWS\System32\DriverStore\FileRepository\u0361132.inf_amd64_4863ccf4c1b997c9\B361196\atiu9p64.dll
0x00007ff906b70000 - 0x00007ff907882000 	C:\WINDOWS\System32\DriverStore\FileRepository\u0361132.inf_amd64_4863ccf4c1b997c9\B361196\atiumd64.dll
0x0000000050e10000 - 0x0000000051ccc000 	C:\WINDOWS\System32\DriverStore\FileRepository\u0361132.inf_amd64_4863ccf4c1b997c9\B361196\atiumd6a.dll
0x00007ff96d450000 - 0x00007ff96d49b000 	C:\WINDOWS\SYSTEM32\POWRPROF.dll
0x00007ff96d2c0000 - 0x00007ff96d2d2000 	C:\WINDOWS\SYSTEM32\UMPDC.dll
0x00007ff9615d0000 - 0x00007ff961600000 	C:\WINDOWS\SYSTEM32\amdihk64.dll
0x00007ff963880000 - 0x00007ff9638bb000 	C:\WINDOWS\SYSTEM32\dxcore.dll
0x00007ff96e4b0000 - 0x00007ff96e4fe000 	C:\WINDOWS\System32\cfgmgr32.dll
0x00007ff9476f0000 - 0x00007ff947770000 	C:\Program Files\Java\jdk-12.0.1\bin\freetype.dll
0x00007ff93f950000 - 0x00007ff93f9bf000 	C:\Program Files\Java\jdk-12.0.1\bin\fontmanager.dll
0x00007ff9549c0000 - 0x00007ff9549d9000 	C:\Program Files\Java\jdk-12.0.1\bin\net.dll
0x00007ff961190000 - 0x00007ff96137e000 	C:\WINDOWS\SYSTEM32\urlmon.dll
0x00007ff9686f0000 - 0x00007ff9687fc000 	C:\WINDOWS\SYSTEM32\WINHTTP.dll
0x00007ff960ee0000 - 0x00007ff961190000 	C:\WINDOWS\SYSTEM32\iertutil.dll
0x00007ff96d640000 - 0x00007ff96d6aa000 	C:\WINDOWS\system32\mswsock.dll
0x00007ff9539d0000 - 0x00007ff9539e3000 	C:\Program Files\Java\jdk-12.0.1\bin\nio.dll
0x00007ff970620000 - 0x00007ff9706c9000 	C:\WINDOWS\System32\clbcatq.dll
0x00007ff965a60000 - 0x00007ff965c14000 	C:\WINDOWS\SYSTEM32\WindowsCodecs.dll
0x00007ff96e560000 - 0x00007ff96e587000 	C:\WINDOWS\System32\bcrypt.dll
0x00007ff94c560000 - 0x00007ff94c59e000 	C:\WINDOWS\system32\dataexchange.dll
0x00007ff96aca0000 - 0x00007ff96ae87000 	C:\WINDOWS\system32\dcomp.dll
0x00007ff969e40000 - 0x00007ff96a0a4000 	C:\WINDOWS\system32\d3d11.dll
0x00007ff96c7a0000 - 0x00007ff96c893000 	C:\WINDOWS\system32\dxgi.dll
0x00007ff966150000 - 0x00007ff966351000 	C:\WINDOWS\system32\twinapi.appcore.dll
0x00007ff95d410000 - 0x00007ff95d50b000 	C:\WINDOWS\SYSTEM32\textinputframework.dll
0x00007ff96b5c0000 - 0x00007ff96b6b2000 	C:\WINDOWS\System32\CoreMessaging.dll
0x00007ff96b210000 - 0x00007ff96b56e000 	C:\WINDOWS\System32\CoreUIComponents.dll
0x00007ff96cba0000 - 0x00007ff96cbd3000 	C:\WINDOWS\SYSTEM32\ntmarta.dll
0x00007ff96ab00000 - 0x00007ff96ac54000 	C:\WINDOWS\SYSTEM32\wintypes.dll

dbghelp: loaded successfully - version: 4.0.5 - missing functions: none
symbol engine: initialized successfully - sym options: 0x614 - pdb path: .;C:\Program Files\Java\jdk-12.0.1\bin;C:\WINDOWS\SYSTEM32;C:\WINDOWS\WinSxS\amd64_microsoft.windows.common-controls_6595b64144ccf1df_6.0.19041.844_none_ca00b6081b84eb1d;C:\Program Files\Java\jdk-12.0.1\bin\server;C:\Fraps;C:\WINDOWS\System32\DriverStore\FileRepository\u0361132.inf_amd64_4863ccf4c1b997c9\B361196

VM Arguments:
jvm_args: -Dfile.encoding=Cp1252 
java_command: MainGUI
java_class_path (initial): C:\Users\Black\git\Cleaner-AZFDC\bin
Launcher Type: SUN_STANDARD

[Global flags]
     intx CICompilerCount                          = 4                                         {product} {ergonomic}
     uint ConcGCThreads                            = 2                                         {product} {ergonomic}
     uint G1ConcRefinementThreads                  = 8                                         {product} {ergonomic}
   size_t G1HeapRegionSize                         = 1048576                                   {product} {ergonomic}
    uintx GCDrainStackTargetSize                   = 64                                        {product} {ergonomic}
   size_t InitialHeapSize                          = 201326592                                 {product} {ergonomic}
   size_t MarkStackSize                            = 4194304                                   {product} {ergonomic}
   size_t MaxHeapSize                              = 3210739712                                {product} {ergonomic}
   size_t MaxNewSize                               = 1926234112                                {product} {ergonomic}
   size_t MinHeapDeltaBytes                        = 1048576                                   {product} {ergonomic}
    uintx NonNMethodCodeHeapSize                   = 5836300                                {pd product} {ergonomic}
    uintx NonProfiledCodeHeapSize                  = 122910970                              {pd product} {ergonomic}
    uintx ProfiledCodeHeapSize                     = 122910970                              {pd product} {ergonomic}
    uintx ReservedCodeCacheSize                    = 251658240                              {pd product} {ergonomic}
     bool SegmentedCodeCache                       = true                                      {product} {ergonomic}
     bool UseCompressedClassPointers               = true                                 {lp64_product} {ergonomic}
     bool UseCompressedOops                        = true                                 {lp64_product} {ergonomic}
     bool UseG1GC                                  = true                                      {product} {ergonomic}
     bool UseLargePagesIndividualAllocation        = false                                  {pd product} {ergonomic}

Logging:
Log output configuration:
 #0: stdout all=warning uptime,level,tags
 #1: stderr all=off uptime,level,tags

Environment Variables:
PATH=C:/Program Files/Java/jdk-12.0.1/bin/server;C:/Program Files/Java/jdk-12.0.1/bin;C:\Windows\system32;C:\Windows;C:\Windows\System32\Wbem;C:\Windows\System32\WindowsPowerShell\v1.0\;C:\Windows\System32\OpenSSH\;C:\Program Files (x86)\NVIDIA Corporation\PhysX\Common;C:\WINDOWS\system32;C:\WINDOWS;C:\WINDOWS\System32\Wbem;C:\WINDOWS\System32\WindowsPowerShell\v1.0\;C:\WINDOWS\System32\OpenSSH\;C:\Program Files\Git\cmd;C:\Program Files\NVIDIA Corporation\NVIDIA NvDLISR;C:\WINDOWS\system32;C:\WINDOWS;C:\WINDOWS\System32\Wbem;C:\WINDOWS\System32\WindowsPowerShell\v1.0\;C:\WINDOWS\System32\OpenSSH\;C:\Users\Black\AppData\Local\Microsoft\WindowsApps;;C:\WINDOWS\system32;
USERNAME=Black
OS=Windows_NT
PROCESSOR_IDENTIFIER=Intel64 Family 6 Model 42 Stepping 7, GenuineIntel



---------------  S Y S T E M  ---------------

OS: Windows 10 , 64 bit Build 19041 (10.0.19041.804)

CPU:total 8 (initial active 8) (4 cores per cpu, 2 threads per core) family 6 model 42 stepping 7, cmov, cx8, fxsr, mmx, sse, sse2, sse3, ssse3, sse4.1, sse4.2, popcnt, avx, aes, clmul, ht, tsc, tscinvbit

Memory: 4k page, system-wide physical 12244M (1918M free)
TotalPageFile size 40784M (AvailPageFile size 2M)
current process WorkingSet (physical memory assigned to process): 92M, peak: 92M
current process commit charge ("private bytes"): 311M, peak: 314M

vm_info: Java HotSpot(TM) 64-Bit Server VM (12.0.1+12) for windows-amd64 JRE (12.0.1+12), built on Apr  2 2019 14:02:19 by "mach5one" with MS VC++ 15.5 (VS2017)

END.
